
SQL*Loader: Release 11.2.0.2.0 - Production on Thu Mar 15 19:31:56 2018

Copyright (c) 1982, 2009, Oracle and/or its affiliates.  All rights reserved.

Control File:   Customers_Load.ctl
Data File:      ..\CSVs\Customers.csv
  Bad File:     Customers_Extract.bad
  Discard File:  none specified
 
 (Allow all discards)

Number to load: ALL
Number to skip: 0
Errors allowed: 50
Bind array:     64 rows, maximum of 256000 bytes
Continuation:    none specified
Path used:      Conventional

Table CUSTOMERS, loaded from every logical record.
Insert option in effect for this table: APPEND

   Column Name                  Position   Len  Term Encl Datatype
------------------------------ ---------- ----- ---- ---- ---------------------
CUST_ID                             FIRST     *   ,       CHARACTER            
CUST_FNAME                           NEXT     *   ,       CHARACTER            
CUST_LNAME                           NEXT     *   ,       CHARACTER            
CUST_ADDRESS                         NEXT     *   ,       CHARACTER            
CUST_CITY                            NEXT     *   ,       CHARACTER            
CUST_COUNTRY                         NEXT     *   ,       CHARACTER            
CUST_STATE                           NEXT     *   ,       CHARACTER            
CUST_ZIP                             NEXT     *   ,       CHARACTER            
CUST_PHONENUM                        NEXT     *   ,       CHARACTER            

Record 1: Rejected - Error on table CUSTOMERS, column CUST_ID.
ORA-01722: invalid number


Table CUSTOMERS:
  1000 Rows successfully loaded.
  1 Row not loaded due to data errors.
  0 Rows not loaded because all WHEN clauses were failed.
  0 Rows not loaded because all fields were null.


Space allocated for bind array:                 148608 bytes(64 rows)
Read   buffer bytes: 1048576

Total logical records skipped:          0
Total logical records read:          1001
Total logical records rejected:         1
Total logical records discarded:        0

Run began on Thu Mar 15 19:31:56 2018
Run ended on Thu Mar 15 19:31:56 2018

Elapsed time was:     00:00:00.08
CPU time was:         00:00:00.01
