
SQL*Loader: Release 11.2.0.2.0 - Production on Thu Mar 15 19:32:23 2018

Copyright (c) 1982, 2009, Oracle and/or its affiliates.  All rights reserved.

Control File:   Maintenance_Actions_Load.ctl
Data File:      ..\CSVs\Maintenance_Actions.csv
  Bad File:     Maintenance_Actions_Extract.bad
  Discard File:  none specified
 
 (Allow all discards)

Number to load: ALL
Number to skip: 0
Errors allowed: 50
Bind array:     64 rows, maximum of 256000 bytes
Continuation:    none specified
Path used:      Conventional

Table MAINTENANCE_ACTIONS, loaded from every logical record.
Insert option in effect for this table: APPEND

   Column Name                  Position   Len  Term Encl Datatype
------------------------------ ---------- ----- ---- ---- ---------------------
MAINTACT_ID                         FIRST     *   ,       CHARACTER            
MAINTACT_NAME                        NEXT     *   ,       CHARACTER            
MAINTACT_DESCRIPTION                 NEXT     *   ,       CHARACTER            
MAINTACT_CATEGORY                    NEXT     *   ,       CHARACTER            
MAINTACT_NUMOFHOURS                  NEXT     *   ,       CHARACTER            
MAINTACT_TEAMSIZE                    NEXT     *   ,       CHARACTER            

Record 1: Rejected - Error on table MAINTENANCE_ACTIONS, column MAINTACT_ID.
ORA-01722: invalid number


Table MAINTENANCE_ACTIONS:
  1000 Rows successfully loaded.
  1 Row not loaded due to data errors.
  0 Rows not loaded because all WHEN clauses were failed.
  0 Rows not loaded because all fields were null.


Space allocated for bind array:                  99072 bytes(64 rows)
Read   buffer bytes: 1048576

Total logical records skipped:          0
Total logical records read:          1001
Total logical records rejected:         1
Total logical records discarded:        0

Run began on Thu Mar 15 19:32:23 2018
Run ended on Thu Mar 15 19:32:23 2018

Elapsed time was:     00:00:00.07
CPU time was:         00:00:00.04
