
SQL*Loader: Release 11.2.0.2.0 - Production on Thu Mar 15 19:31:47 2018

Copyright (c) 1982, 2009, Oracle and/or its affiliates.  All rights reserved.

Control File:   Parts_Load.ctl
Data File:      ..\CSVs\Parts.csv
  Bad File:     Parts_Extract.bad
  Discard File:  none specified
 
 (Allow all discards)

Number to load: ALL
Number to skip: 0
Errors allowed: 50
Bind array:     64 rows, maximum of 256000 bytes
Continuation:    none specified
Path used:      Conventional

Table PARTS, loaded from every logical record.
Insert option in effect for this table: APPEND

   Column Name                  Position   Len  Term Encl Datatype
------------------------------ ---------- ----- ---- ---- ---------------------
PARTS_ID                            FIRST     *   ,       CHARACTER            
PARTS_NAME                           NEXT     *   ,       CHARACTER            
PARTS_DESCRIPTION                    NEXT     *   ,       CHARACTER            
PARTS_CATEGORY                       NEXT     *   ,       CHARACTER            
PARTS_BRAND                          NEXT     *   ,       CHARACTER            
PARTS_WEIGHT                         NEXT     *   ,       CHARACTER            
PARTS_UNITOFISSUE                    NEXT     *   ,       CHARACTER            

Record 1: Rejected - Error on table PARTS, column PARTS_ID.
ORA-01722: invalid number


Table PARTS:
  1000 Rows successfully loaded.
  1 Row not loaded due to data errors.
  0 Rows not loaded because all WHEN clauses were failed.
  0 Rows not loaded because all fields were null.


Space allocated for bind array:                 115584 bytes(64 rows)
Read   buffer bytes: 1048576

Total logical records skipped:          0
Total logical records read:          1001
Total logical records rejected:         1
Total logical records discarded:        0

Run began on Thu Mar 15 19:31:47 2018
Run ended on Thu Mar 15 19:31:47 2018

Elapsed time was:     00:00:00.10
CPU time was:         00:00:00.05
