
SQL*Loader: Release 11.2.0.2.0 - Production on Thu Mar 15 19:32:28 2018

Copyright (c) 1982, 2009, Oracle and/or its affiliates.  All rights reserved.

Control File:   Time_Table_Load.ctl
Data File:      ..\CSVs\Time_Table.csv
  Bad File:     Time_Table_Extract.bad
  Discard File:  none specified
 
 (Allow all discards)

Number to load: ALL
Number to skip: 0
Errors allowed: 50
Bind array:     64 rows, maximum of 256000 bytes
Continuation:    none specified
Path used:      Conventional

Table TIME_TABLE, loaded from every logical record.
Insert option in effect for this table: APPEND

   Column Name                  Position   Len  Term Encl Datatype
------------------------------ ---------- ----- ---- ---- ---------------------
TIME_ID                             FIRST     *   ,       DATE MM/DD/YYYY      
TIME_NAME                            NEXT     *   ,       CHARACTER            
TIME_DAY                             NEXT     *   ,       CHARACTER            
TIME_MONTH_YEAR                      NEXT     *   ,       CHARACTER            
TIME_MONTH                           NEXT     *   ,       CHARACTER            
TIME_MONTHNUM                        NEXT     *   ,       CHARACTER            
TIME_YEAR                            NEXT     *   ,       CHARACTER            
TIME_DAYOFWEEK                       NEXT     *   ,       CHARACTER            
TIME_QTR                             NEXT     *   ,       CHARACTER            
TIME_JULIAN                          NEXT     *   ,       CHARACTER            

Record 1: Rejected - Error on table TIME_TABLE, column TIME_ID.
ORA-01858: a non-numeric character was found where a numeric was expected


Table TIME_TABLE:
  1096 Rows successfully loaded.
  1 Row not loaded due to data errors.
  0 Rows not loaded because all WHEN clauses were failed.
  0 Rows not loaded because all fields were null.


Space allocated for bind array:                 165120 bytes(64 rows)
Read   buffer bytes: 1048576

Total logical records skipped:          0
Total logical records read:          1097
Total logical records rejected:         1
Total logical records discarded:        0

Run began on Thu Mar 15 19:32:28 2018
Run ended on Thu Mar 15 19:32:28 2018

Elapsed time was:     00:00:00.08
CPU time was:         00:00:00.03
