
SQL*Loader: Release 11.2.0.2.0 - Production on Thu Mar 15 19:32:33 2018

Copyright (c) 1982, 2009, Oracle and/or its affiliates.  All rights reserved.

Control File:   Vehicles_Load.ctl
Data File:      ..\CSVs\Vehicles.csv
  Bad File:     Vehicles_Extract.bad
  Discard File:  none specified
 
 (Allow all discards)

Number to load: ALL
Number to skip: 0
Errors allowed: 50
Bind array:     64 rows, maximum of 256000 bytes
Continuation:    none specified
Path used:      Conventional

Table VEHICLES, loaded from every logical record.
Insert option in effect for this table: APPEND

   Column Name                  Position   Len  Term Encl Datatype
------------------------------ ---------- ----- ---- ---- ---------------------
VEH_ID                              FIRST     *   ,       CHARACTER            
VEH_MAKE                             NEXT     *   ,       CHARACTER            
VEH_MODEL                            NEXT     *   ,       CHARACTER            
VEH_YEAR                             NEXT     *   ,       CHARACTER            
VEH_COLOR                            NEXT     *   ,       CHARACTER            
VEH_BODYTYPE                         NEXT     *   ,       CHARACTER            
VEH_NUMOFAXLES                       NEXT     *   ,       CHARACTER            
VEH_FUELTYPE                         NEXT     *   ,       CHARACTER            
VEH_NUMOFCYL                         NEXT     *   ,       CHARACTER            
VEH_WEIGHT                           NEXT     *   ,       CHARACTER            

Record 1: Rejected - Error on table VEHICLES, column VEH_ID.
ORA-01722: invalid number


Table VEHICLES:
  1000 Rows successfully loaded.
  1 Row not loaded due to data errors.
  0 Rows not loaded because all WHEN clauses were failed.
  0 Rows not loaded because all fields were null.


Space allocated for bind array:                 165120 bytes(64 rows)
Read   buffer bytes: 1048576

Total logical records skipped:          0
Total logical records read:          1001
Total logical records rejected:         1
Total logical records discarded:        0

Run began on Thu Mar 15 19:32:33 2018
Run ended on Thu Mar 15 19:32:33 2018

Elapsed time was:     00:00:00.07
CPU time was:         00:00:00.04
